<?xml version="1.0" encoding="UTF-8"?>
<!-- Generated by org.testng.reporters.JUnitReportReporter -->
<testsuite hostname="Deepak_Pruthi" name="com.test.autoGithub.bootstrapDropdown" tests="1" failures="0" timestamp="4 Jul 2018 11:24:39 GMT" time="20.697" errors="0">
  <testcase name="bootdropdown" time="20.697" classname="com.test.autoGithub.bootstrapDropdown"/>
</testsuite> <!-- com.test.autoGithub.bootstrapDropdown -->
